<?xml version="1.0" encoding="UTF-8"?>
<testsuite xmlns:xsi="http://www.w3.org/2001/XMLSchema-instance" xsi:noNamespaceSchemaLocation="https://maven.apache.org/surefire/maven-surefire-plugin/xsd/surefire-test-report.xsd" name="com.fishingtime.user.UserServiceTest" time="0.122" tests="7" errors="0" skipped="0" failures="0">
  <properties>
[...]
</properties>
  <testcase name="loginWrongPassword" classname="com.fishingtime.user.UserServiceTest" time="0.085"/>
  <testcase name="registerSuccess" classname="com.fishingtime.user.UserServiceTest" time="0.013"/>
  <testcase name="getUserByIdNotFound" classname="com.fishingtime.user.UserServiceTest" time="0.002"/>
  <testcase name="loginDisabledUser" classname="com.fishingtime.user.UserServiceTest" time="0.002"/>
  <testcase name="registerDuplicateUsername" classname="com.fishingtime.user.UserServiceTest" time="0.003"/>
  <testcase name="getUserById" classname="com.fishingtime.user.UserServiceTest" time="0.01"/>
  <testcase name="loginSuccess" classname="com.fishingtime.user.UserServiceTest" time="0.002"/>
</testsuite>